<?xml version="1.0" encoding="UTF-8"?>
<testng-results ignored="0" total="1" passed="1" failed="0" skipped="0">
  <reporter-output>
  </reporter-output>
  <suite started-at="2019-02-13T15:26:23Z" name="My test suite" finished-at="2019-02-13T15:26:45Z" duration-ms="22525">
    <groups>
    </groups>
    <test started-at="2019-02-13T15:26:23Z" name="My first test" finished-at="2019-02-13T15:26:45Z" duration-ms="22525">
      <class name="com.jcastro.travelocity.test.MainTest">
        <test-method is-config="true" signature="beforeSuite(java.lang.String, java.lang.String)[pri:0, instance:com.jcastro.travelocity.test.MainTest@77f80c04]" started-at="2019-02-13T10:26:11Z" name="beforeSuite" finished-at="2019-02-13T10:26:23Z" duration-ms="11503" status="PASS">
          <params>
            <param index="0">
              <value>
                <![CDATA[chrome]]>
              </value>
            </param>
            <param index="1">
              <value>
                <![CDATA[https://www.travelocity.com/]]>
              </value>
            </param>
          </params>
          <reporter-output>
          </reporter-output>
        </test-method> <!-- beforeSuite -->
        <test-method is-config="true" signature="loadPage(java.lang.String)[pri:0, instance:com.jcastro.travelocity.test.MainTest@77f80c04]" started-at="2019-02-13T10:26:23Z" name="loadPage" finished-at="2019-02-13T10:26:26Z" duration-ms="3548" status="PASS">
          <params>
            <param index="0">
              <value>
                <![CDATA[https://www.travelocity.com/]]>
              </value>
            </param>
          </params>
          <reporter-output>
          </reporter-output>
        </test-method> <!-- loadPage -->
        <test-method signature="Search()[pri:0, instance:com.jcastro.travelocity.test.MainTest@77f80c04]" started-at="2019-02-13T10:26:26Z" name="Search" finished-at="2019-02-13T10:26:45Z" duration-ms="18960" status="PASS">
          <reporter-output>
          </reporter-output>
        </test-method> <!-- Search -->
        <test-method is-config="true" signature="afterSuite()[pri:0, instance:com.jcastro.travelocity.test.MainTest@77f80c04]" started-at="2019-02-13T10:26:45Z" name="afterSuite" finished-at="2019-02-13T10:26:46Z" duration-ms="154" status="PASS">
          <reporter-output>
          </reporter-output>
        </test-method> <!-- afterSuite -->
      </class> <!-- com.jcastro.travelocity.test.MainTest -->
    </test> <!-- My first test -->
  </suite> <!-- My test suite -->
</testng-results>
